2017-12-13 16:51:31,168 INFO  [VelocityCheck_TC01] Browser Launched and navigated to Velocity website 
2017-12-13 16:51:55,377 INFO  [VelocityCheck_TC01] Browser Launched and navigated to Velocity website 
2017-12-13 16:52:25,949 INFO  [VelocityCheck_TC01] Browser Launched and navigated to Velocity website 
2017-12-13 16:53:08,318 INFO  [VelocityCheck_TC01] Browser Launched and navigated to Velocity website 
2017-12-13 16:53:32,644 INFO  [VelocityCheck_TC01] Browser Launched and navigated to Velocity website 
2017-12-13 17:01:49,150 INFO  [Log] **************************************************************************************** 
2017-12-13 17:01:49,150 INFO  [Log] **************************************************************************************** 
2017-12-13 17:01:49,151 INFO  [Log] $$$$$$$$$$$$$$$$$$$$$                 VelocityTestSuite_001       $$$$$$$$$$$$$$$$$$$$$$$$$ 
2017-12-13 17:01:49,151 INFO  [Log] **************************************************************************************** 
2017-12-13 17:01:49,151 INFO  [Log] **************************************************************************************** 
2017-12-13 17:07:19,836 INFO  [Log] Browser launched with url Successfully 
2017-12-13 17:07:19,884 INFO  [Log] **************************************************************************************** 
2017-12-13 17:07:19,884 INFO  [Log] **************************************************************************************** 
2017-12-13 17:07:19,884 INFO  [Log] $$$$$$$$$$$$$$$$$$$$$                 VelocityTestSuite_001       $$$$$$$$$$$$$$$$$$$$$$$$$ 
2017-12-13 17:07:19,884 INFO  [Log] **************************************************************************************** 
2017-12-13 17:07:19,884 INFO  [Log] **************************************************************************************** 
2017-12-13 17:14:28,755 INFO  [Log] Browser launched with url Successfully 
2017-12-13 17:31:55,914 INFO  [Log] Browser launched with url Successfully 
2017-12-13 17:40:03,416 INFO  [Log] Browser launched with url Successfully 
2017-12-13 17:43:19,440 INFO  [Log] Browser launched with url Successfully 
2017-12-13 18:02:01,740 INFO  [Log] Browser launched with url Successfully 
2017-12-13 18:29:09,635 INFO  [Log] Browser launched with url Successfully 
2017-12-13 18:30:05,147 INFO  [Log] Browser launched with url Successfully 
2017-12-13 18:30:53,097 INFO  [Log] User login Successfully 
2017-12-13 18:30:53,614 INFO  [Log] Test step 1 passed Successfully 
2017-12-13 18:31:01,318 INFO  [Log] All tiles verified with their colors:Test step2 passed 
2017-12-13 18:31:45,430 INFO  [Log] Browser launched with url Successfully 
2017-12-13 18:32:39,755 INFO  [Log] Browser launched with url Successfully 
2017-12-13 18:32:41,800 INFO  [Log] User login Successfully 
2017-12-13 18:32:46,712 INFO  [Log] Test step 1 passed Successfully 
2017-12-13 18:33:19,776 INFO  [Log] Browser launched with url Successfully 
2017-12-13 18:34:51,593 INFO  [Log] Browser launched with url Successfully 
2017-12-13 18:34:53,702 INFO  [Log] User login Successfully 
2017-12-13 18:34:58,591 INFO  [Log] Test step 1 passed Successfully 
2017-12-13 18:35:24,376 INFO  [Log] Browser launched with url Successfully 
2017-12-13 18:35:26,587 INFO  [Log] User login Successfully 
2017-12-13 18:35:31,302 INFO  [Log] Test step 1 passed Successfully 
2017-12-13 18:35:45,681 INFO  [Log] All tiles verified with their colors:Test step2 passed 
2017-12-13 18:36:08,069 INFO  [Log] Browser launched with url Successfully 
2017-12-13 18:36:51,662 INFO  [Log] User login Successfully 
2017-12-13 18:36:56,578 INFO  [Log] Test step 1 passed Successfully 
2017-12-13 18:37:05,678 INFO  [Log] All tiles verified with their colors:Test step2 passed 
2017-12-13 18:41:37,952 INFO  [Log] Browser launched with url Successfully 
2017-12-13 18:42:24,594 INFO  [Log] Browser launched with url Successfully 
2017-12-13 18:42:28,363 INFO  [Log] User login Successfully 
2017-12-13 18:42:28,889 INFO  [Log] Test step 1 passed Successfully 
2017-12-13 18:42:34,864 INFO  [Log] All tiles verified with their colors:Test step2 passed 
2017-12-13 18:43:42,771 INFO  [Log] Browser launched with url Successfully 
2017-12-13 18:43:49,236 INFO  [Log] User login Successfully 
2017-12-13 18:43:49,766 INFO  [Log] Test step 1 passed Successfully 
2017-12-13 18:43:55,436 INFO  [Log] All tiles verified with their colors:Test step2 passed 
2017-12-13 18:44:20,061 INFO  [Log] Browser launched with url Successfully 
2017-12-13 18:44:25,434 INFO  [Log] User login Successfully 
2017-12-13 18:44:25,986 INFO  [Log] Test step 1 passed Successfully 
2017-12-13 18:44:41,719 INFO  [Log] All tiles verified with their colors:Test step2 passed 
2017-12-13 18:46:36,846 INFO  [Log] Browser launched with url Successfully 
2017-12-13 18:46:44,394 INFO  [Log] User login Successfully 
2017-12-13 18:46:44,957 INFO  [Log] Test step 1 passed Successfully 
2017-12-13 18:46:51,021 INFO  [Log] All tiles verified with their colors:Test step2 passed 
2017-12-13 18:48:30,500 INFO  [Log] Browser launched with url Successfully 
2017-12-13 18:49:15,188 INFO  [Log] User login Successfully 
2017-12-13 18:49:15,801 INFO  [Log] Test step 1 passed Successfully 
2017-12-13 18:49:23,833 INFO  [Log] All tiles verified with their colors:Test step2 passed 
